0 info it worked if it ends with ok
1 verbose cli [ '/usr/local/bin/node', '/usr/local/bin/npm', 'publish' ]
2 info using npm@2.14.2
3 info using node@v4.0.0
4 verbose publish [ '.' ]
5 silly cache add args [ '.', null ]
6 verbose cache add spec .
7 silly cache add parsed spec Result {
7 silly cache add   raw: '.',
7 silly cache add   scope: null,
7 silly cache add   name: null,
7 silly cache add   rawSpec: '.',
7 silly cache add   spec: '/Users/alfonso/Projects/i',
7 silly cache add   type: 'directory' }
8 verbose addLocalDirectory /Users/alfonso/.npm/i/0.0.1/package.tgz not in flight; packing
9 verbose tar pack [ '/Users/alfonso/.npm/i/0.0.1/package.tgz',
9 verbose tar pack   '/Users/alfonso/Projects/i' ]
10 verbose tarball /Users/alfonso/.npm/i/0.0.1/package.tgz
11 verbose folder /Users/alfonso/Projects/i
12 info prepublish i@0.0.1
13 verbose addLocalTarball adding from inside cache /Users/alfonso/.npm/i/0.0.1/package.tgz
14 silly cache afterAdd i@0.0.1
15 verbose afterAdd /Users/alfonso/.npm/i/0.0.1/package/package.json not in flight; writing
16 verbose afterAdd /Users/alfonso/.npm/i/0.0.1/package/package.json written
17 silly publish { name: 'i',
17 silly publish   version: '0.0.1',
17 silly publish   description: 'I.js ====',
17 silly publish   main: 'index.html',
17 silly publish   scripts: { test: 'mocha' },
17 silly publish   author: { name: 'Merciba', email: 'team@merciba.com' },
17 silly publish   license: 'MIT',
17 silly publish   devDependencies:
17 silly publish    { browserify: '^11.1.0',
17 silly publish      chai: '^3.3.0',
17 silly publish      gulp: '^3.9.0',
17 silly publish      'gulp-rename': '^1.2.2',
17 silly publish      'gulp-uglify': '^1.4.1',
17 silly publish      'gulp-watch': '^4.3.5',
17 silly publish      mocha: '^2.3.3',
17 silly publish      'vinyl-transform': '^1.0.0' },
17 silly publish   dependencies:
17 silly publish    { jquery: '^2.1.4',
17 silly publish      moment: '^2.10.6',
17 silly publish      pubnub: '^3.7.14',
17 silly publish      ractive: '^0.7.3',
17 silly publish      rx: '^3.1.2',
17 silly publish      through2: '^2.0.0' },
17 silly publish   readme: 'I.js\n====\n\n### Stream Everything\n\nI.js is not just any old data-binding library. \n\nI.js aims to blend together event-based paradigms in a tight, orderly way, that makes more sense to human developers. \n\nYou shouldn\'t need to know how to handle Stream backpressure or have an advanced Master\'s degree in Functional Programming to leverage their shared potential. \n\nAll you need is a streaming data source that emits events (like a button, for example), and a destination element to render. It\'s simple addition.  \n\n### Getting Started\n\n```HTML\n\t<script type="text/javascript" src="dist/i.min.js"></script>\n```\n\nThat\'s it, lol.\n\n### Binding Streams to the DOM\n\nSay you have the following HTML.\n\n```HTML\n\t<div i-clock ></div>\n```\n\nTo bind a data stream to this element and refresh it according to a template:\n\n```JavaScript\n\tvar clock = i({\n    \tid: "clock",\n\t\ttemplate: "Time in NY: {{newyork}}"\n\t});\n```\n\nEt voilà quoi. Your `i-clock` div will refresh every second with the latest time.\n\n`clock` is a built-in I.js stream, however, you can also register your own.  \n\n### Binding DOM Elements To Each Other\n\nSay you have the following HTML.\n\n```HTML\n\t<div>\n\t\t Je m\'appelle <span i-name ></span>. Comment vous appelez-vous?\n\t\t <input id="name" type="text" placeholder="Votre nom" />\n\t\t <button id="submit" >Submit</button>\n\t</div>\n```\n\nTo bind the `#submit` button to the `i-name` element and refresh it according to a template:\n\n```JavaScript\n\tvar name = i({\n    \tid: "name",\n\t\tfromInput: [{ el: "#testSubmit", method: \'click\' }],\n        capture: \'#name\'\n\t});\n```\n\nC\'est tout. \n\n##### TODO\n\n* Tidy up the codebase.\n* Simplify the API. \n* Better validation with warning and error messages.',
17 silly publish   readmeFilename: 'README.md',
17 silly publish   _id: 'i@0.0.1',
17 silly publish   _shasum: 'd76428cce58ac56424d5ad017694b069b04b2be5',
17 silly publish   _from: '.' }
18 verbose getPublishConfig undefined
19 silly mapToRegistry name i
20 silly mapToRegistry using default registry
21 silly mapToRegistry registry https://registry.npmjs.com/
22 silly mapToRegistry uri https://registry.npmjs.com/i
23 verbose publish registryBase https://registry.npmjs.com/
24 silly publish uploading /Users/alfonso/.npm/i/0.0.1/package.tgz
25 verbose request uri https://registry.npmjs.com/i
26 verbose request sending authorization for write operation
27 info attempt registry request try #1 at 2:57:23 AM
28 verbose request using bearer token for auth
29 verbose request id 22f6a0bff5ca393f
30 http request PUT https://registry.npmjs.com/i
31 http 403 https://registry.npmjs.com/i
32 verbose headers { 'content-type': 'application/json',
32 verbose headers   'cache-control': 'max-age=60',
32 verbose headers   'content-length': '93',
32 verbose headers   'accept-ranges': 'bytes',
32 verbose headers   date: 'Tue, 22 Sep 2015 06:57:24 GMT',
32 verbose headers   via: '1.1 varnish',
32 verbose headers   connection: 'keep-alive',
32 verbose headers   'x-served-by': 'cache-jfk1034-JFK',
32 verbose headers   'x-cache': 'MISS',
32 verbose headers   'x-cache-hits': '0',
32 verbose headers   'x-timer': 'S1442905043.884104,VS0,VE361' }
33 verbose request invalidating /Users/alfonso/.npm/registry.npmjs.com/i on PUT
34 error publish Failed PUT 403
35 verbose stack Error: You do not have permission to publish 'i'. Are you logged in as the correct user? : i
35 verbose stack     at makeError (/usr/local/lib/node_modules/npm/node_modules/npm-registry-client/lib/request.js:263:12)
35 verbose stack     at CachingRegistryClient.<anonymous> (/usr/local/lib/node_modules/npm/node_modules/npm-registry-client/lib/request.js:251:14)
35 verbose stack     at Request._callback (/usr/local/lib/node_modules/npm/node_modules/npm-registry-client/lib/request.js:171:14)
35 verbose stack     at Request.self.callback (/usr/local/lib/node_modules/npm/node_modules/request/request.js:198:22)
35 verbose stack     at emitTwo (events.js:87:13)
35 verbose stack     at Request.emit (events.js:172:7)
35 verbose stack     at Request.<anonymous> (/usr/local/lib/node_modules/npm/node_modules/request/request.js:1073:14)
35 verbose stack     at emitOne (events.js:82:20)
35 verbose stack     at Request.emit (events.js:169:7)
35 verbose stack     at IncomingMessage.<anonymous> (/usr/local/lib/node_modules/npm/node_modules/request/request.js:1019:12)
36 verbose statusCode 403
37 verbose pkgid i
38 verbose cwd /Users/alfonso/Projects/i
39 error Darwin 14.5.0
40 error argv "/usr/local/bin/node" "/usr/local/bin/npm" "publish"
41 error node v4.0.0
42 error npm  v2.14.2
43 error code E403
44 error You do not have permission to publish 'i'. Are you logged in as the correct user? : i
45 error If you need help, you may report this error at:
45 error     <https://github.com/npm/npm/issues>
46 verbose exit [ 1, true ]
